<?xml version="1.0" encoding="UTF-8"?>
<testng-results skipped="0" failed="0" ignored="0" total="1" passed="1">
  <reporter-output>
  </reporter-output>
  <suite name="Suite" duration-ms="27826" started-at="2018-06-21T22:44:10Z" finished-at="2018-06-21T22:44:38Z">
    <groups>
    </groups>
    <test name="Test" duration-ms="27826" started-at="2018-06-21T22:44:10Z" finished-at="2018-06-21T22:44:38Z">
      <class name="com.qa.Tests.LoginTest">
        <test-method status="PASS" signature="setUp()[pri:0, instance:com.qa.Tests.LoginTest@754ba872]" name="setUp" is-config="true" duration-ms="19225" started-at="2018-06-21T22:44:11Z" finished-at="2018-06-21T22:44:30Z">
          <reporter-output>
          </reporter-output>
        </test-method> <!-- setUp -->
        <test-method status="PASS" signature="verify()[pri:0, instance:com.qa.Tests.LoginTest@754ba872]" name="verify" duration-ms="7775" started-at="2018-06-21T22:44:30Z" finished-at="2018-06-21T22:44:38Z">
          <reporter-output>
          </reporter-output>
        </test-method> <!-- verify -->
        <test-method status="PASS" signature="tearDown()[pri:0, instance:com.qa.Tests.LoginTest@754ba872]" name="tearDown" is-config="true" duration-ms="781" started-at="2018-06-21T22:44:38Z" finished-at="2018-06-21T22:44:38Z">
          <reporter-output>
          </reporter-output>
        </test-method> <!-- tearDown -->
      </class> <!-- com.qa.Tests.LoginTest -->
    </test> <!-- Test -->
  </suite> <!-- Suite -->
</testng-results>
